============================= test session starts ==============================
platform darwin -- Python 3.12.4, pytest-7.4.4, pluggy-1.0.0
rootdir: /Users/hajramuzammal/applied-ai-system-project/applied-ai-system-final
plugins: anyio-4.14.2
collected 11 items

tests/test_ai_coach.py ....                                              [ 36%]
tests/test_game_logic.py .......                                         [100%]

============================== 11 passed in 1.26s ==============================
